<?xml version="1.0" encoding="UTF-8"?>
<!-- Generated by org.testng.reporters.JUnitReportReporter -->
<testsuite hostname="hp" failures="0" tests="1" name="CucumberOption.TestNGTestRunnaer" time="22.899" errors="0" timestamp="2023-08-17T11:28:20 IST" skipped="0">
  <testcase classname="CucumberOption.TestNGTestRunnaer" name="runScenario" time="22.899"/>
</testsuite> <!-- CucumberOption.TestNGTestRunnaer -->
